<?xml version="1.0" encoding="UTF-8"?>
<!-- Generated by org.testng.reporters.JUnitReportReporter -->
<testsuite hostname="DESKTOP-2L70A79" failures="0" tests="3" name="testRunners.TestRunner" time="21.782" errors="0" timestamp="2023-09-21T08:36:17 IST" skipped="0">
  <testcase classname="testRunners.TestRunner" name="runScenario" time="8.038"/>
  <system-out/>
  <testcase classname="testRunners.TestRunner" name="runScenario" time="6.714"/>
  <system-out/>
  <testcase classname="testRunners.TestRunner" name="runScenario" time="7.030"/>
  <system-out/>
</testsuite> <!-- testRunners.TestRunner -->
